<?xml version="1.0" encoding="UTF-8"?>
<!-- Generated by org.testng.reporters.JUnitReportReporter -->
<testsuite skipped="0" hostname="ramsunkara" name="xpath.WindowsHandle" tests="1" failures="0" timestamp="27 Jul 2019 17:26:16 GMT" time="37.947" errors="0">
  <testcase name="TestPopUp" time="37.947" classname="xpath.WindowsHandle"/>
</testsuite> <!-- xpath.WindowsHandle -->
