<?xml version="1.0" encoding="UTF-8"?>
<!-- Generated by org.testng.reporters.JUnitReportReporter -->
<testsuite skipped="0" hostname="ramsunkara" name="com.primusbank.tests.BankerLoginTest" tests="1" failures="0" timestamp="27 Feb 2019 08:18:37 GMT" time="1.958" errors="0">
  <testcase name="CheckBankerLogin" time="1.958" classname="com.primusbank.tests.BankerLoginTest"/>
</testsuite> <!-- com.primusbank.tests.BankerLoginTest -->
