<?xml version="1.0" encoding="UTF-8"?>
<!-- Generated by org.testng.reporters.JUnitReportReporter -->
<testsuite skipped="0" hostname="ramsunkara" name="com.primusbank.tests.AdminLoginTest" tests="1" failures="0" timestamp="27 Feb 2019 08:18:37 GMT" time="4.214" errors="0">
  <testcase name="checkAdminLogin" time="4.214" classname="com.primusbank.tests.AdminLoginTest"/>
</testsuite> <!-- com.primusbank.tests.AdminLoginTest -->
