<?xml version="1.0" encoding="UTF-8"?>
<!-- Generated by org.testng.reporters.JUnitReportReporter -->
<testsuite skipped="0" hostname="somesh-PC" name="applicationLaunch.PrimusbankHomepage" tests="1" failures="0" timestamp="20 Feb 2019 07:24:11 GMT" time="4.873" errors="0">
  <testcase name="launchApp" time="4.873" classname="applicationLaunch.PrimusbankHomepage"/>
</testsuite> <!-- applicationLaunch.PrimusbankHomepage -->
